[2025-11-17T00:43:46+01:00] REQUEST GET QUERY: 
[2025-11-17T00:43:48+01:00] REQUEST GET QUERY: 
[2025-11-17T00:43:49+01:00] REQUEST GET QUERY: 
[2025-11-17T00:43:51+01:00] REQUEST POST QUERY: 
[2025-11-17T00:43:51+01:00] RAW_INPUT: {"action":"add","bookings":[{"id":"b_1763336631502_bo3c","date":"2025-11-17","computer":"2","time":"02:00-03:00","user_login":"vasa","user_email":"vasakondra@mail.ru","user_id":"u_1763316051507_vec558","created_at":"2025-11-16T23:43:51.502Z","price_per_hour":150},{"id":"b_1763336631502_8mnm","date":"2025-11-17","computer":"2","time":"00:00-01:00","user_login":"vasa","user_email":"vasakondra@mail.ru","user_id":"u_1763316051507_vec558","created_at":"2025-11-16T23:43:51.502Z","price_per_hour":150},{"id":"b_1763336631502_g54i","date":"2025-11-17","computer":"2","time":"01:00-02:00","user_login":"vasa","user_email":"vasakondra@mail.ru","user_id":"u_1763316051507_vec558","created_at":"2025-11-16T23:43:51.502Z","price_per_hour":150},{"id":"b_1763336631502_kzej","date":"2025-11-17","computer":"2","time":"03:00-04:00","user_login":"vasa","user_email":"vasakondra@mail.ru","user_id":"u_1763316051507_vec558","created_at":"2025-11-16T23:43:51.502Z","price_per_hour":150}]}
[2025-11-17T00:43:51+01:00] REQUEST GET QUERY: 
[2025-11-17T00:43:52+01:00] REQUEST GET QUERY: 
[2025-11-17T00:45:00+01:00] REQUEST GET QUERY: 
[2025-11-17T00:45:02+01:00] REQUEST GET QUERY: 
[2025-11-17T00:45:06+01:00] REQUEST GET QUERY: 
[2025-11-17T00:48:39+01:00] REQUEST GET QUERY: 
[2025-11-17T00:48:54+01:00] REQUEST GET QUERY: 
[2025-11-17T00:50:23+01:00] REQUEST GET QUERY: 
[2025-11-17T00:50:27+01:00] REQUEST GET QUERY: 
[2025-11-17T00:50:28+01:00] REQUEST GET QUERY: 
[2025-11-17T00:50:30+01:00] REQUEST GET QUERY: 
[2025-11-17T00:50:31+01:00] REQUEST GET QUERY: 
[2025-11-17T00:50:35+01:00] REQUEST GET QUERY: 
[2025-11-17T00:50:35+01:00] REQUEST GET QUERY: 
[2025-11-17T00:50:39+01:00] REQUEST POST QUERY: 
[2025-11-17T00:50:39+01:00] RAW_INPUT: {"action":"add","bookings":[{"id":"b_1763337039064_d3x9","date":"2025-11-17","computer":"1","time":"00:00-01:00","user_login":"vasa","user_email":"vasakondra@mail.ru","user_id":"u_1763316051507_vec558","created_at":"2025-11-16T23:50:39.064Z","price_per_hour":150},{"id":"b_1763337039064_gx1l","date":"2025-11-17","computer":"1","time":"03:00-04:00","user_login":"vasa","user_email":"vasakondra@mail.ru","user_id":"u_1763316051507_vec558","created_at":"2025-11-16T23:50:39.064Z","price_per_hour":150},{"id":"b_1763337039064_z7ot","date":"2025-11-17","computer":"1","time":"01:00-02:00","user_login":"vasa","user_email":"vasakondra@mail.ru","user_id":"u_1763316051507_vec558","created_at":"2025-11-16T23:50:39.064Z","price_per_hour":150}]}
[2025-11-17T00:50:39+01:00] REQUEST GET QUERY: 
[2025-11-17T00:50:40+01:00] REQUEST GET QUERY: 
[2025-11-17T00:50:43+01:00] REQUEST GET QUERY: 
[2025-11-17T00:50:43+01:00] REQUEST GET QUERY: 
[2025-11-17T00:50:46+01:00] REQUEST POST QUERY: 
[2025-11-17T00:50:46+01:00] RAW_INPUT: {"action":"add","bookings":[{"id":"b_1763337046086_ujm2","date":"2025-11-17","computer":"2","time":"08:00-09:00","user_login":"vasa","user_email":"vasakondra@mail.ru","user_id":"u_1763316051507_vec558","created_at":"2025-11-16T23:50:46.086Z","price_per_hour":150},{"id":"b_1763337046086_oc57","date":"2025-11-17","computer":"2","time":"09:00-10:00","user_login":"vasa","user_email":"vasakondra@mail.ru","user_id":"u_1763316051507_vec558","created_at":"2025-11-16T23:50:46.086Z","price_per_hour":150}]}
[2025-11-17T00:50:46+01:00] REQUEST GET QUERY: 
[2025-11-17T00:50:47+01:00] REQUEST GET QUERY: 
[2025-11-17T00:51:23+01:00] REQUEST GET QUERY: 
[2025-11-17T00:51:24+01:00] REQUEST GET QUERY: 
[2025-11-17T00:51:25+01:00] REQUEST POST QUERY: 
[2025-11-17T00:51:25+01:00] RAW_INPUT: {"action":"add","bookings":[{"id":"b_1763337085873_htlz","date":"2025-11-17","computer":"2","time":"15:00-16:00","user_login":"vasa","user_email":"vasakondra@mail.ru","user_id":"u_1763316051507_vec558","created_at":"2025-11-16T23:51:25.873Z","price_per_hour":150}]}
[2025-11-17T00:51:25+01:00] REQUEST GET QUERY: 
[2025-11-17T00:51:26+01:00] REQUEST GET QUERY: 
[2025-11-17T00:54:13+01:00] REQUEST GET QUERY: 
[2025-11-17T00:54:17+01:00] REQUEST GET QUERY: 
[2025-11-17T00:54:17+01:00] REQUEST DELETE QUERY: id=b_1763336631502_8mnm
[2025-11-17T00:54:17+01:00] RAW_INPUT: 
[2025-11-17T00:54:17+01:00] REQUEST DELETE QUERY: id=b_1763336631502_g54i
[2025-11-17T00:54:17+01:00] RAW_INPUT: 
[2025-11-17T00:54:17+01:00] REQUEST DELETE QUERY: id=b_1763336631502_bo3c
[2025-11-17T00:54:17+01:00] RAW_INPUT: 
[2025-11-17T00:54:17+01:00] REQUEST DELETE QUERY: id=b_1763336631502_kzej
[2025-11-17T00:54:17+01:00] RAW_INPUT: 
[2025-11-17T00:54:17+01:00] REQUEST DELETE QUERY: id=b_1763337046086_ujm2
[2025-11-17T00:54:17+01:00] RAW_INPUT: 
[2025-11-17T00:54:17+01:00] REQUEST DELETE QUERY: id=b_1763337046086_oc57
[2025-11-17T00:54:17+01:00] RAW_INPUT: 
[2025-11-17T00:54:17+01:00] REQUEST DELETE QUERY: id=b_1763337085873_htlz
[2025-11-17T00:54:17+01:00] RAW_INPUT: 
[2025-11-17T00:54:17+01:00] REQUEST GET QUERY: 
[2025-11-17T00:55:08+01:00] REQUEST GET QUERY: 
[2025-11-17T00:55:09+01:00] REQUEST GET QUERY: 
[2025-11-17T00:55:10+01:00] REQUEST POST QUERY: 
[2025-11-17T00:55:10+01:00] RAW_INPUT: {"action":"add","bookings":[{"id":"b_1763337310954_dnzf","date":"2025-11-17","computer":"1","time":"02:00-03:00","user_login":"vasa","user_email":"vasakondra@mail.ru","user_id":"u_1763316051507_vec558","created_at":"2025-11-16T23:55:10.955Z","price_per_hour":150}]}
[2025-11-17T00:55:10+01:00] REQUEST GET QUERY: 
[2025-11-17T00:55:11+01:00] REQUEST GET QUERY: 
[2025-11-17T00:59:16+01:00] REQUEST GET QUERY: 
[2025-11-17T00:59:20+01:00] REQUEST GET QUERY: 
[2025-11-17T00:59:20+01:00] REQUEST GET QUERY: 
[2025-11-17T01:12:26+01:00] REQUEST GET QUERY: 
[2025-11-17T01:12:27+01:00] REQUEST GET QUERY: 
[2025-11-17T01:12:31+01:00] REQUEST GET QUERY: 
[2025-11-17T01:12:32+01:00] REQUEST GET QUERY: 
[2025-11-17T01:13:34+01:00] REQUEST GET QUERY: 
[2025-11-17T01:13:41+01:00] REQUEST GET QUERY: 
[2025-11-17T01:13:42+01:00] REQUEST GET QUERY: 
[2025-11-17T01:13:47+01:00] REQUEST GET QUERY: 
[2025-11-17T01:14:37+01:00] REQUEST GET QUERY: 
[2025-11-17T01:14:39+01:00] REQUEST GET QUERY: 
[2025-11-17T01:14:40+01:00] REQUEST GET QUERY: 
[2025-11-17T01:14:42+01:00] REQUEST GET QUERY: 
[2025-11-17T01:15:01+01:00] REQUEST GET QUERY: 
[2025-11-17T01:15:01+01:00] REQUEST GET QUERY: 
[2025-11-17T01:15:04+01:00] REQUEST GET QUERY: 
[2025-11-17T01:15:07+01:00] REQUEST GET QUERY: 
[2025-11-17T01:15:08+01:00] REQUEST GET QUERY: 
[2025-11-17T01:15:10+01:00] REQUEST GET QUERY: 
[2025-11-17T01:15:11+01:00] REQUEST GET QUERY: 
[2025-11-17T01:15:12+01:00] REQUEST GET QUERY: 
[2025-11-17T01:15:14+01:00] REQUEST GET QUERY: 
[2025-11-17T01:15:20+01:00] REQUEST GET QUERY: 
[2025-11-17T01:15:21+01:00] REQUEST GET QUERY: 
[2025-11-17T01:15:21+01:00] REQUEST GET QUERY: 
[2025-11-17T01:15:22+01:00] REQUEST GET QUERY: 
[2025-11-17T01:15:22+01:00] REQUEST GET QUERY: 
[2025-11-17T01:15:22+01:00] REQUEST GET QUERY: 
[2025-11-17T01:15:22+01:00] REQUEST GET QUERY: 
[2025-11-17T01:15:23+01:00] REQUEST GET QUERY: 
[2025-11-17T01:15:23+01:00] REQUEST GET QUERY: 
[2025-11-17T01:16:04+01:00] REQUEST GET QUERY: 
[2025-11-17T01:16:22+01:00] REQUEST GET QUERY: 
[2025-11-17T01:16:30+01:00] REQUEST GET QUERY: 
[2025-11-17T01:16:41+01:00] REQUEST GET QUERY: 
[2025-11-17T01:16:43+01:00] REQUEST GET QUERY: 
[2025-11-17T01:16:45+01:00] REQUEST GET QUERY: 
[2025-11-17T12:24:47+01:00] REQUEST GET QUERY: 
[2025-11-17T12:24:48+01:00] REQUEST GET QUERY: 
[2025-11-17T12:25:04+01:00] REQUEST GET QUERY: 
[2025-11-17T12:25:16+01:00] REQUEST GET QUERY: 
[2025-11-17T12:47:32+01:00] REQUEST GET QUERY: 
[2025-11-17T12:47:48+01:00] REQUEST GET QUERY: 
[2025-11-17T12:47:48+01:00] REQUEST GET QUERY: 
[2025-11-17T12:47:59+01:00] REQUEST GET QUERY: 
[2025-11-17T12:48:00+01:00] REQUEST GET QUERY: 
[2025-11-17T12:48:08+01:00] REQUEST GET QUERY: 
[2025-11-17T12:50:20+01:00] REQUEST GET QUERY: 
[2025-11-17T12:55:58+01:00] REQUEST GET QUERY: 
[2025-11-17T12:56:00+01:00] REQUEST GET QUERY: 
[2025-11-17T12:56:00+01:00] REQUEST GET QUERY: 
[2025-11-17T12:58:35+01:00] REQUEST GET QUERY: 
[2025-11-17T13:00:14+01:00] REQUEST GET QUERY: 
[2025-11-17T13:00:29+01:00] REQUEST GET QUERY: 
[2025-11-17T13:00:31+01:00] REQUEST GET QUERY: 
[2025-11-17T13:01:22+01:00] REQUEST GET QUERY: 
[2025-11-17T13:03:52+01:00] REQUEST GET QUERY: 
[2025-11-17T13:04:06+01:00] REQUEST GET QUERY: 
[2025-11-17T13:06:31+01:00] REQUEST GET QUERY: 
[2025-11-17T13:07:48+01:00] REQUEST GET QUERY: 
[2025-11-17T13:07:59+01:00] REQUEST GET QUERY: 
[2025-11-17T13:08:03+01:00] REQUEST GET QUERY: 
[2025-11-17T13:08:41+01:00] REQUEST GET QUERY: 
[2025-11-17T13:08:42+01:00] REQUEST GET QUERY: 
[2025-11-17T13:08:44+01:00] REQUEST GET QUERY: 
[2025-11-17T13:08:49+01:00] REQUEST GET QUERY: 
[2025-11-17T13:10:03+01:00] REQUEST GET QUERY: 
[2025-11-17T13:10:07+01:00] REQUEST GET QUERY: 
[2025-11-17T13:10:17+01:00] REQUEST GET QUERY: 
[2025-11-17T13:10:47+01:00] REQUEST GET QUERY: 
[2025-11-17T13:10:48+01:00] REQUEST GET QUERY: 
[2025-11-17T13:10:55+01:00] REQUEST GET QUERY: 
[2025-11-17T13:12:38+01:00] REQUEST GET QUERY: 
[2025-11-17T13:12:39+01:00] REQUEST GET QUERY: 
[2025-11-17T13:12:42+01:00] REQUEST GET QUERY: 
[2025-11-17T13:13:31+01:00] REQUEST GET QUERY: 
[2025-11-17T13:14:44+01:00] REQUEST GET QUERY: 
[2025-11-17T13:14:45+01:00] REQUEST GET QUERY: 
[2025-11-17T13:14:48+01:00] REQUEST GET QUERY: 
[2025-11-17T13:14:48+01:00] REQUEST GET QUERY: 
[2025-11-17T13:14:48+01:00] REQUEST GET QUERY: 
[2025-11-17T13:14:55+01:00] REQUEST GET QUERY: 
[2025-11-17T13:15:09+01:00] REQUEST GET QUERY: 
[2025-11-17T13:15:12+01:00] REQUEST GET QUERY: 
[2025-11-17T13:20:24+01:00] REQUEST GET QUERY: 
[2025-11-17T13:20:48+01:00] REQUEST GET QUERY: 
[2025-11-17T13:21:11+01:00] REQUEST GET QUERY: 
[2025-11-17T13:24:59+01:00] REQUEST GET QUERY: 
[2025-11-17T13:25:00+01:00] REQUEST GET QUERY: 
[2025-11-17T13:25:03+01:00] REQUEST GET QUERY: 
[2025-11-17T13:25:10+01:00] REQUEST GET QUERY: 
[2025-11-17T13:25:11+01:00] REQUEST GET QUERY: 
[2025-11-17T13:27:54+01:00] REQUEST GET QUERY: 
[2025-11-17T13:27:56+01:00] REQUEST GET QUERY: 
[2025-11-17T13:27:57+01:00] REQUEST GET QUERY: 
[2025-11-17T13:27:59+01:00] REQUEST GET QUERY: 
[2025-11-17T13:28:01+01:00] REQUEST GET QUERY: 
[2025-11-17T13:28:02+01:00] REQUEST GET QUERY: 
[2025-11-17T13:28:04+01:00] REQUEST GET QUERY: 
[2025-11-17T13:28:12+01:00] REQUEST GET QUERY: 
[2025-11-17T13:31:00+01:00] REQUEST GET QUERY: 
[2025-11-17T13:31:04+01:00] REQUEST GET QUERY: 
[2025-11-17T13:31:06+01:00] REQUEST GET QUERY: 
[2025-11-17T13:31:11+01:00] REQUEST GET QUERY: 
[2025-11-17T13:31:12+01:00] REQUEST GET QUERY: 
[2025-11-17T13:31:13+01:00] REQUEST GET QUERY: 
[2025-11-17T13:32:07+01:00] REQUEST GET QUERY: 
[2025-11-17T13:32:09+01:00] REQUEST GET QUERY: 
[2025-11-17T13:32:10+01:00] REQUEST GET QUERY: 
[2025-11-17T13:32:11+01:00] REQUEST GET QUERY: 
[2025-11-17T13:32:13+01:00] REQUEST GET QUERY: 
[2025-11-17T13:37:28+01:00] REQUEST GET QUERY: 
[2025-11-17T13:37:29+01:00] REQUEST GET QUERY: 
[2025-11-17T13:37:30+01:00] REQUEST GET QUERY: 
[2025-11-17T13:37:32+01:00] REQUEST GET QUERY: 
[2025-11-17T13:38:03+01:00] REQUEST GET QUERY: 
[2025-11-17T13:38:08+01:00] REQUEST GET QUERY: 
[2025-11-17T13:38:11+01:00] REQUEST GET QUERY: 
[2025-11-17T13:38:12+01:00] REQUEST GET QUERY: 
[2025-11-17T13:38:13+01:00] REQUEST GET QUERY: 
[2025-11-17T13:38:13+01:00] REQUEST GET QUERY: 
[2025-11-17T13:38:14+01:00] REQUEST GET QUERY: 
[2025-11-17T13:38:14+01:00] REQUEST GET QUERY: 
[2025-11-17T13:38:17+01:00] REQUEST GET QUERY: 
[2025-11-17T13:38:18+01:00] REQUEST GET QUERY: 
[2025-11-17T13:38:18+01:00] REQUEST GET QUERY: 
[2025-11-17T13:38:18+01:00] REQUEST GET QUERY: 
[2025-11-17T13:38:19+01:00] REQUEST GET QUERY: 
[2025-11-17T13:38:19+01:00] REQUEST GET QUERY: 
[2025-11-17T13:38:19+01:00] REQUEST GET QUERY: 
[2025-11-17T13:38:20+01:00] REQUEST GET QUERY: 
[2025-11-17T13:38:20+01:00] REQUEST GET QUERY: 
[2025-11-17T13:38:20+01:00] REQUEST GET QUERY: 
[2025-11-17T13:38:21+01:00] REQUEST GET QUERY: 
[2025-11-17T13:38:24+01:00] REQUEST GET QUERY: 
[2025-11-17T13:38:26+01:00] REQUEST GET QUERY: 
[2025-11-17T13:44:21+01:00] REQUEST GET QUERY: 
[2025-11-17T13:44:22+01:00] REQUEST GET QUERY: 
[2025-11-17T13:53:15+01:00] REQUEST GET QUERY: 
[2025-11-17T13:53:16+01:00] REQUEST GET QUERY: 
[2025-11-17T13:53:21+01:00] REQUEST GET QUERY: 
[2025-11-17T13:53:22+01:00] REQUEST GET QUERY: 
[2025-11-17T13:53:26+01:00] REQUEST GET QUERY: 
[2025-11-17T13:53:34+01:00] REQUEST GET QUERY: 
[2025-11-17T13:53:35+01:00] REQUEST GET QUERY: 
[2025-11-17T13:53:40+01:00] REQUEST GET QUERY: 
[2025-11-17T13:53:45+01:00] REQUEST GET QUERY: 
[2025-11-17T13:54:16+01:00] REQUEST GET QUERY: 
[2025-11-17T13:54:18+01:00] REQUEST GET QUERY: 
[2025-11-17T13:55:27+01:00] REQUEST GET QUERY: 
[2025-11-17T13:58:23+01:00] REQUEST GET QUERY: 
[2025-11-17T13:58:24+01:00] REQUEST GET QUERY: 
[2025-11-17T13:58:29+01:00] REQUEST GET QUERY: 
[2025-11-17T13:58:29+01:00] REQUEST GET QUERY: 
[2025-11-17T13:59:06+01:00] REQUEST GET QUERY: 
[2025-11-17T14:03:29+01:00] REQUEST GET QUERY: 
[2025-11-17T14:04:06+01:00] REQUEST GET QUERY: 
[2025-11-17T14:04:07+01:00] REQUEST GET QUERY: 
[2025-11-17T14:04:10+01:00] REQUEST GET QUERY: 
[2025-11-17T14:04:11+01:00] REQUEST GET QUERY: 
[2025-11-17T14:04:16+01:00] REQUEST GET QUERY: 
[2025-11-17T14:04:17+01:00] REQUEST GET QUERY: 
[2025-11-17T14:04:19+01:00] REQUEST GET QUERY: 
[2025-11-17T14:04:49+01:00] REQUEST GET QUERY: 
[2025-11-17T14:04:52+01:00] REQUEST GET QUERY: 
[2025-11-17T14:05:04+01:00] REQUEST GET QUERY: 
[2025-11-17T14:05:07+01:00] REQUEST GET QUERY: 
[2025-11-17T14:05:12+01:00] REQUEST GET QUERY: 
[2025-11-17T14:05:12+01:00] REQUEST GET QUERY: 
[2025-11-17T14:05:12+01:00] REQUEST GET QUERY: 
[2025-11-17T14:05:12+01:00] REQUEST GET QUERY: 
[2025-11-17T14:05:14+01:00] REQUEST GET QUERY: 
[2025-11-17T14:05:15+01:00] REQUEST GET QUERY: 
[2025-11-17T14:05:20+01:00] REQUEST GET QUERY: 
[2025-11-17T14:05:26+01:00] REQUEST GET QUERY: 
[2025-11-17T14:05:31+01:00] REQUEST GET QUERY: 
[2025-11-17T14:09:47+01:00] REQUEST GET QUERY: 
[2025-11-17T14:09:50+01:00] REQUEST GET QUERY: 
[2025-11-17T14:09:51+01:00] REQUEST GET QUERY: 
[2025-11-17T14:09:51+01:00] REQUEST GET QUERY: 
[2025-11-17T14:09:51+01:00] REQUEST GET QUERY: 
[2025-11-17T14:10:00+01:00] REQUEST GET QUERY: 
[2025-11-17T14:10:01+01:00] REQUEST GET QUERY: 
[2025-11-17T14:10:02+01:00] REQUEST GET QUERY: 
[2025-11-17T14:10:05+01:00] REQUEST GET QUERY: 
[2025-11-17T14:10:10+01:00] REQUEST GET QUERY: 
[2025-11-17T14:10:11+01:00] REQUEST GET QUERY: 
[2025-11-17T14:10:12+01:00] REQUEST GET QUERY: 
[2025-11-17T14:10:13+01:00] REQUEST GET QUERY: 
[2025-11-17T14:10:21+01:00] REQUEST GET QUERY: 
[2025-11-17T14:10:23+01:00] REQUEST GET QUERY: 
[2025-11-17T14:10:25+01:00] REQUEST GET QUERY: 
[2025-11-17T14:10:40+01:00] REQUEST GET QUERY: 
[2025-11-17T14:10:49+01:00] REQUEST GET QUERY: 
[2025-11-17T14:10:50+01:00] REQUEST GET QUERY: 
[2025-11-17T14:10:54+01:00] REQUEST GET QUERY: 
[2025-11-17T14:10:55+01:00] REQUEST GET QUERY: 
[2025-11-17T14:10:55+01:00] REQUEST GET QUERY: 
[2025-11-17T14:10:56+01:00] REQUEST GET QUERY: 
[2025-11-17T14:10:56+01:00] REQUEST GET QUERY: 
[2025-11-17T14:11:00+01:00] REQUEST GET QUERY: 
[2025-11-17T14:11:01+01:00] REQUEST GET QUERY: 
[2025-11-17T14:11:06+01:00] REQUEST GET QUERY: 
[2025-11-17T14:11:06+01:00] REQUEST GET QUERY: 
[2025-11-17T14:11:06+01:00] REQUEST GET QUERY: 
[2025-11-17T14:11:07+01:00] REQUEST GET QUERY: 
[2025-11-17T14:11:07+01:00] REQUEST GET QUERY: 
[2025-11-17T14:11:08+01:00] REQUEST GET QUERY: 
[2025-11-17T14:11:10+01:00] REQUEST GET QUERY: 
[2025-11-17T14:11:14+01:00] REQUEST GET QUERY: 
[2025-11-17T14:17:38+01:00] REQUEST GET QUERY: 
[2025-11-17T14:17:39+01:00] REQUEST GET QUERY: 
